<?xml version="1.0" encoding="UTF-8"?>
<!-- Generated by org.testng.reporters.JUnitReportReporter -->
<testsuite hostname="LAPTOP-178S0KEF" failures="0" tests="4" name="com.tcs.scripts.TCAdmin" time="39.289" errors="0" timestamp="2022-04-26T11:32:15 GST" skipped="0">
  <testcase classname="com.tcs.scripts.TCAdmin" name="verifyAdminLink" time="8.461"/>
  <system-out/>
  <testcase classname="com.tcs.scripts.TCAdmin" name="verifyADValidLogin" time="10.039"/>
  <system-out/>
  <testcase classname="com.tcs.scripts.TCAdmin" name="verifyADBookings" time="7.519"/>
  <system-out/>
  <testcase classname="com.tcs.scripts.TCAdmin" name="verifyADPendToConf" time="13.270"/>
  <system-out/>
</testsuite> <!-- com.tcs.scripts.TCAdmin -->
